c:\users\seven\source\repos\dll1\dll1\debug\dll1.pch
c:\users\seven\source\repos\dll1\dll1\debug\vc142.pdb
c:\users\seven\source\repos\dll1\dll1\debug\vc142.idb
c:\users\seven\source\repos\dll1\dll1\debug\pch.obj
c:\users\seven\source\repos\dll1\dll1\debug\dllmain.obj
c:\users\seven\source\repos\dll1\debug\dll1.lib
c:\users\seven\source\repos\dll1\debug\dll1.exp
c:\users\seven\source\repos\dll1\debug\dll1.dll
c:\users\seven\source\repos\dll1\dll1\debug\dll1.ilk
c:\users\seven\source\repos\dll1\debug\dll1.pdb
c:\users\seven\source\repos\dll1\dll1\debug\dll1.tlog\cl.command.1.tlog
c:\users\seven\source\repos\dll1\dll1\debug\dll1.tlog\cl.read.1.tlog
c:\users\seven\source\repos\dll1\dll1\debug\dll1.tlog\cl.write.1.tlog
c:\users\seven\source\repos\dll1\dll1\debug\dll1.tlog\dll1.write.1u.tlog
c:\users\seven\source\repos\dll1\dll1\debug\dll1.tlog\lib-link.read.1.tlog
c:\users\seven\source\repos\dll1\dll1\debug\dll1.tlog\lib-link.write.1.tlog
c:\users\seven\source\repos\dll1\dll1\debug\dll1.tlog\lib.command.1.tlog
c:\users\seven\source\repos\dll1\dll1\debug\dll1.tlog\link.4024.delete.1.tlog
c:\users\seven\source\repos\dll1\dll1\debug\dll1.tlog\link.command.1.tlog
c:\users\seven\source\repos\dll1\dll1\debug\dll1.tlog\link.read.1.tlog
c:\users\seven\source\repos\dll1\dll1\debug\dll1.tlog\link.write.1.tlog
